

Microchip Technology PIC LITE Macro Assembler V1.30 build 55553 
                                                                                               Sun Jan 11 13:36:44 2015

Microchip Technology Omniscient Code Generator (Lite mode) build 55553
     1                           	processor	12F635
     2                           	opt	pw 120
     3                           	opt	lm
     4                           	psect	nvBANK0,global,class=BANK0,space=1,delta=1
     5                           	psect	cinit,global,class=CODE,merge=1,delta=2
     6                           	psect	bssCOMMON,global,class=COMMON,space=1,delta=1
     7                           	psect	bssBANK0,global,class=BANK0,space=1,delta=1
     8                           	psect	cstackCOMMON,global,class=COMMON,space=1,delta=1
     9                           	psect	cstackBANK0,global,class=BANK0,space=1,delta=1
    10                           	psect	maintext,global,class=CODE,split=1,delta=2
    11                           	psect	text1,local,class=CODE,merge=1,delta=2
    12                           	psect	text2,local,class=CODE,merge=1,delta=2
    13                           	psect	text3,local,class=CODE,merge=1,delta=2
    14                           	psect	text4,local,class=CODE,merge=1,delta=2
    15                           	psect	text5,local,class=CODE,merge=1,delta=2
    16                           	psect	text6,local,class=CODE,merge=1,delta=2
    17                           	psect	text7,local,class=CODE,merge=1,delta=2
    18                           	psect	intentry,global,class=CODE,delta=2
    19                           	dabs	1,0x7E,2
    20  0000                     	;# 
    21  0001                     	;# 
    22  0002                     	;# 
    23  0003                     	;# 
    24  0004                     	;# 
    25  0005                     	;# 
    26  0005                     	;# 
    27  000A                     	;# 
    28  000B                     	;# 
    29  000C                     	;# 
    30  000E                     	;# 
    31  000E                     	;# 
    32  000F                     	;# 
    33  0010                     	;# 
    34  0018                     	;# 
    35  0019                     	;# 
    36  001A                     	;# 
    37  0081                     	;# 
    38  0085                     	;# 
    39  0085                     	;# 
    40  008C                     	;# 
    41  008E                     	;# 
    42  008F                     	;# 
    43  0090                     	;# 
    44  0094                     	;# 
    45  0095                     	;# 
    46  0096                     	;# 
    47  0097                     	;# 
    48  0099                     	;# 
    49  009A                     	;# 
    50  009A                     	;# 
    51  009B                     	;# 
    52  009C                     	;# 
    53  009D                     	;# 
    54  0110                     	;# 
    55  0111                     	;# 
    56  0112                     	;# 
    57  0113                     	;# 
    58  0114                     	;# 
    59  0000                     	;# 
    60  0001                     	;# 
    61  0002                     	;# 
    62  0003                     	;# 
    63  0004                     	;# 
    64  0005                     	;# 
    65  0005                     	;# 
    66  000A                     	;# 
    67  000B                     	;# 
    68  000C                     	;# 
    69  000E                     	;# 
    70  000E                     	;# 
    71  000F                     	;# 
    72  0010                     	;# 
    73  0018                     	;# 
    74  0019                     	;# 
    75  001A                     	;# 
    76  0081                     	;# 
    77  0085                     	;# 
    78  0085                     	;# 
    79  008C                     	;# 
    80  008E                     	;# 
    81  008F                     	;# 
    82  0090                     	;# 
    83  0094                     	;# 
    84  0095                     	;# 
    85  0096                     	;# 
    86  0097                     	;# 
    87  0099                     	;# 
    88  009A                     	;# 
    89  009A                     	;# 
    90  009B                     	;# 
    91  009C                     	;# 
    92  009D                     	;# 
    93  0110                     	;# 
    94  0111                     	;# 
    95  0112                     	;# 
    96  0113                     	;# 
    97  0114                     	;# 
    98  0000                     	;# 
    99  0001                     	;# 
   100  0002                     	;# 
   101  0003                     	;# 
   102  0004                     	;# 
   103  0005                     	;# 
   104  0005                     	;# 
   105  000A                     	;# 
   106  000B                     	;# 
   107  000C                     	;# 
   108  000E                     	;# 
   109  000E                     	;# 
   110  000F                     	;# 
   111  0010                     	;# 
   112  0018                     	;# 
   113  0019                     	;# 
   114  001A                     	;# 
   115  0081                     	;# 
   116  0085                     	;# 
   117  0085                     	;# 
   118  008C                     	;# 
   119  008E                     	;# 
   120  008F                     	;# 
   121  0090                     	;# 
   122  0094                     	;# 
   123  0095                     	;# 
   124  0096                     	;# 
   125  0097                     	;# 
   126  0099                     	;# 
   127  009A                     	;# 
   128  009A                     	;# 
   129  009B                     	;# 
   130  009C                     	;# 
   131  009D                     	;# 
   132  0110                     	;# 
   133  0111                     	;# 
   134  0112                     	;# 
   135  0113                     	;# 
   136  0114                     	;# 
   137                           
   138                           	psect	nvBANK0
   139  004B                     __pnvBANK0:	
   140  004B                     _DESIRED_STATE:	
   141  004B                     	ds	2
   142  0019                     _CMCON0	set	25
   143  000B                     _INTCON	set	11
   144  000B                     _INTCONbits	set	11
   145  0005                     _LnPORTA	set	5
   146  0005                     _PORTA	set	5
   147  0001                     _TMR0	set	1
   148  0018                     _WDTCONbits	set	24
   149  0096                     _IOCA	set	150
   150  0096                     _LnIOCA	set	150
   151  0085                     _LnTRISA	set	133
   152  0095                     _LnWPUDA	set	149
   153  0081                     _OPTION_REG	set	129
   154  0081                     _OPTION_REGbits	set	129
   155  008F                     _OSCCON	set	143
   156  0085                     _TRISA	set	133
   157  0097                     _WDA	set	151
   158  0095                     _WPUDA	set	149
   159                           
   160                           ; #config settings
   161  0000                     
   162                           	psect	cinit
   163  0011                     start_initialization:	
   164  0011                     __initialization:	
   165                           
   166                           ; Clear objects allocated to COMMON
   167  0011  01F9               	clrf	__pbssCOMMON& (0+127)
   168  0012  01FA               	clrf	(__pbssCOMMON+1)& (0+127)
   169  0013  01FB               	clrf	(__pbssCOMMON+2)& (0+127)
   170  0014  01FC               	clrf	(__pbssCOMMON+3)& (0+127)
   171  0015  01FD               	clrf	(__pbssCOMMON+4)& (0+127)
   172                           
   173                           ; Clear objects allocated to BANK0
   174  0016  01CD               	clrf	__pbssBANK0& (0+127)
   175  0017                     end_of_initialization:	
   176                           ;End of C runtime variable initialization code
   177                           
   178  0017                     __end_of__initialization:	
   179  0017  0183               	clrf	3
   180  0018  2962               	ljmp	_main	;jump to C main() function
   181                           
   182                           	psect	bssCOMMON
   183  0079                     __pbssCOMMON:	
   184  0079                     _TMR0_Counter:	
   185  0079                     	ds	2
   186  007B                     _stopDeBounceValue:	
   187  007B                     	ds	2
   188  007D                     _fSTATUS:	
   189  007D                     	ds	1
   190                           
   191                           	psect	bssBANK0
   192  004D                     __pbssBANK0:	
   193  004D                     _flag:	
   194  004D                     	ds	1
   195                           
   196                           	psect	cstackCOMMON
   197  0070                     __pcstackCOMMON:	
   198  0070                     ?_setPortConfig:	
   199  0070                     ?_setMainConfig:	
   200                           ; 0 bytes @ 0x0
   201                           
   202  0070                     ?_SetupClock:	
   203                           ; 0 bytes @ 0x0
   204                           
   205  0070                     ?_IrqHandler:	
   206                           ; 0 bytes @ 0x0
   207                           
   208  0070                     ??_IrqHandler:	
   209                           ; 0 bytes @ 0x0
   210                           
   211  0070                     ?_setup_interrupt_INT0:	
   212                           ; 0 bytes @ 0x0
   213                           
   214  0070                     ?_setUp_TMR0:	
   215                           ; 0 bytes @ 0x0
   216                           
   217  0070                     ?_main:	
   218                           ; 0 bytes @ 0x0
   219                           
   220                           
   221                           ; 2 bytes @ 0x0
   222  0070                     	ds	7
   223  0077                     IrqHandler@debounceValue:	
   224                           
   225                           ; 2 bytes @ 0x7
   226  0077                     	ds	2
   227                           
   228                           	psect	cstackBANK0
   229  0040                     __pcstackBANK0:	
   230  0040                     ?_countDown:	
   231  0040                     ??_setPortConfig:	
   232                           ; 0 bytes @ 0x0
   233                           
   234  0040                     ??_setMainConfig:	
   235                           ; 0 bytes @ 0x0
   236                           
   237  0040                     ??_SetupClock:	
   238                           ; 0 bytes @ 0x0
   239                           
   240  0040                     ??_setup_interrupt_INT0:	
   241                           ; 0 bytes @ 0x0
   242                           
   243  0040                     ??_setUp_TMR0:	
   244                           ; 0 bytes @ 0x0
   245                           
   246  0040                     countDown@TIMER_VALUE:	
   247                           ; 0 bytes @ 0x0
   248                           
   249                           
   250                           ; 2 bytes @ 0x0
   251  0040                     	ds	2
   252  0042                     ??_countDown:	
   253                           
   254                           ; 0 bytes @ 0x2
   255  0042                     	ds	3
   256  0045                     countDown@TEST:	
   257                           
   258                           ; 2 bytes @ 0x5
   259  0045                     	ds	2
   260  0047                     countDown@mSec:	
   261                           
   262                           ; 2 bytes @ 0x7
   263  0047                     	ds	2
   264  0049                     countDown@myTimer:	
   265                           
   266                           ; 2 bytes @ 0x9
   267  0049                     	ds	2
   268  004B                     ??_main:	
   269                           
   270                           	psect	maintext
   271  0162                     __pmaintext:	
   272                           ; 0 bytes @ 0xB
   273 ;;
   274 ;;Main: autosize = 0, tempsize = 0, incstack = 0, save=0
   275 ;;
   276 ;; *************** function _main *****************
   277 ;; Defined at:
   278 ;;		line 59 in file "../Source/TimerMain.c"
   279 ;; Parameters:    Size  Location     Type
   280 ;;		None
   281 ;; Auto vars:     Size  Location     Type
   282 ;;		None
   283 ;; Return value:  Size  Location     Type
   284 ;;                  2  139[COMMON] int 
   285 ;; Registers used:
   286 ;;		wreg, status,2, status,0, btemp+1, pclath, cstack
   287 ;; Tracked objects:
   288 ;;		On entry : 17F/0
   289 ;;		On exit  : 0/0
   290 ;;		Unchanged: 0/0
   291 ;; Data sizes:     COMMON   BANK0
   292 ;;      Params:         0       0
   293 ;;      Locals:         0       0
   294 ;;      Temps:          0       0
   295 ;;      Totals:         0       0
   296 ;;Total ram usage:        0 bytes
   297 ;; Hardware stack levels required when called:    2
   298 ;; This function calls:
   299 ;;		_SetupClock
   300 ;;		_countDown
   301 ;;		_setMainConfig
   302 ;;		_setPortConfig
   303 ;;		_setUp_TMR0
   304 ;;		_setup_interrupt_INT0
   305 ;; This function is called by:
   306 ;;		Startup code after reset
   307 ;; This function uses a non-reentrant model
   308 ;;
   309                           
   310                           
   311                           ;psect for function _main
   312  0162                     _main:	
   313                           
   314                           ;TimerMain.c: 61: flag.flags = 0x00;
   315                           
   316                           ;incstack = 0
   317                           ; Regs used in _main: [wreg+status,2+status,0+btemp+1+pclath+cstack]
   318  0162  1283               	bcf	3,5	;RP0=0, select bank0
   319  0163  1303               	bcf	3,6	;RP1=0, select bank0
   320  0164  01CD               	clrf	_flag	;volatile
   321                           
   322                           ;TimerMain.c: 63: (INTCONbits.GIE = 0);
   323  0165  138B               	bcf	11,7	;volatile
   324                           
   325                           ;TimerMain.c: 64: setMainConfig();
   326  0166  21C9               	fcall	_setMainConfig
   327                           
   328                           ;TimerMain.c: 65: SetupClock();
   329  0167  21DF               	fcall	_SetupClock
   330                           
   331                           ;TimerMain.c: 66: setPortConfig();
   332  0168  21B9               	fcall	_setPortConfig
   333                           
   334                           ;TimerMain.c: 70: setup_interrupt_INT0();
   335  0169  21D9               	fcall	_setup_interrupt_INT0
   336                           
   337                           ;TimerMain.c: 71: setUp_TMR0();
   338  016A  21A9               	fcall	_setUp_TMR0
   339                           
   340                           ;TimerMain.c: 72: (INTCONbits.GIE = 1);
   341  016B  178B               	bsf	11,7	;volatile
   342                           
   343                           ;TimerMain.c: 81: DESIRED_STATE = 2;
   344  016C  3002               	movlw	2
   345  016D  1283               	bcf	3,5	;RP0=0, select bank0
   346  016E  1303               	bcf	3,6	;RP1=0, select bank0
   347  016F  00CB               	movwf	_DESIRED_STATE	;volatile
   348  0170  3000               	movlw	0
   349  0171  00CC               	movwf	_DESIRED_STATE+1	;volatile
   350                           
   351                           ;TimerMain.c: 82: if (LnPORTA.V12_CMD == 1) {
   352  0172  1C05               	btfss	5,0	;volatile
   353  0173  2979               	goto	l142
   354                           
   355                           ;TimerMain.c: 83: DESIRED_STATE = 3;
   356  0174  3003               	movlw	3
   357  0175  00CB               	movwf	_DESIRED_STATE	;volatile
   358  0176  3000               	movlw	0
   359  0177  00CC               	movwf	_DESIRED_STATE+1	;volatile
   360  0178                     l146:	
   361                           
   362                           ;TimerMain.c: 98: else
   363                           ;TimerMain.c: 99: LnPORTA.OUT_LINE = 1;
   364  0178  1605               	bsf	5,4	;volatile
   365  0179                     l142:	
   366  0179  1C05               	btfss	5,0	;volatile
   367  017A  29A6               	goto	l936
   368                           
   369                           ;TimerMain.c: 94: if (DESIRED_STATE == 1)
   370                           
   371                           ;TimerMain.c: 93: while (LnPORTA.V12_CMD == 1) {
   372                           
   373                           ;TimerMain.c: 86: }
   374                           ;TimerMain.c: 88: while(1) {
   375                           
   376                           ;TimerMain.c: 84: LnPORTA.OUT_LINE = 1;
   377  017B  3001               	movlw	1
   378  017C  064B               	xorwf	_DESIRED_STATE,w	;volatile
   379  017D  044C               	iorwf	_DESIRED_STATE+1,w	;volatile
   380  017E  1903               	btfsc	3,2
   381  017F  2978               	goto	l146
   382                           
   383                           ;TimerMain.c: 96: else if (DESIRED_STATE == 2)
   384                           
   385                           ;TimerMain.c: 95: LnPORTA.OUT_LINE = 1;
   386  0180  3002               	movlw	2
   387  0181  064B               	xorwf	_DESIRED_STATE,w	;volatile
   388  0182  044C               	iorwf	_DESIRED_STATE+1,w	;volatile
   389  0183  1D03               	skipz
   390  0184  2978               	goto	l146
   391                           
   392                           ;TimerMain.c: 97: LnPORTA.OUT_LINE = 0;
   393  0185  1205               	bcf	5,4	;volatile
   394  0186  2979               	goto	l142
   395  0187                     l922:	
   396                           ;TimerMain.c: 102: }
   397                           ;TimerMain.c: 107: while (LnPORTA.V12_CMD == 0) {
   398                           
   399                           
   400                           ;TimerMain.c: 112: if (DESIRED_STATE == 1) DESIRED_STATE = 3;
   401  0187  3001               	movlw	1
   402  0188  064B               	xorwf	_DESIRED_STATE,w	;volatile
   403  0189  044C               	iorwf	_DESIRED_STATE+1,w	;volatile
   404  018A  1D03               	skipz
   405  018B  2990               	goto	l151
   406  018C  3003               	movlw	3
   407  018D  00CB               	movwf	_DESIRED_STATE	;volatile
   408  018E  3000               	movlw	0
   409  018F  00CC               	movwf	_DESIRED_STATE+1	;volatile
   410  0190                     l151:	
   411                           
   412                           ;TimerMain.c: 114: if (DESIRED_STATE == 2) {
   413  0190  3002               	movlw	2
   414  0191  064B               	xorwf	_DESIRED_STATE,w	;volatile
   415  0192  044C               	iorwf	_DESIRED_STATE+1,w	;volatile
   416  0193  1D03               	skipz
   417  0194  2997               	goto	l152
   418                           
   419                           ;TimerMain.c: 115: LnPORTA.OUT_LINE = 0;
   420  0195  1205               	bcf	5,4	;volatile
   421                           
   422                           ;TimerMain.c: 116: }
   423  0196  299E               	goto	l932
   424  0197                     l152:	
   425                           
   426                           ;TimerMain.c: 117: else {
   427                           ;TimerMain.c: 118: (INTCONbits.T0IE = 0);
   428  0197  128B               	bcf	11,5	;volatile
   429                           
   430                           ;TimerMain.c: 119: countDown(15*60);
   431  0198  3084               	movlw	132
   432  0199  00C0               	movwf	countDown@TIMER_VALUE
   433  019A  3003               	movlw	3
   434  019B  00C1               	movwf	countDown@TIMER_VALUE+1
   435  019C  20E0               	fcall	_countDown
   436                           
   437                           ;TimerMain.c: 120: (INTCONbits.T0IE = 1);
   438  019D  168B               	bsf	11,5	;volatile
   439  019E                     l932:	
   440                           
   441                           ;TimerMain.c: 121: }
   442                           ;TimerMain.c: 123: if (LnPORTA.V12_CMD == 1) DESIRED_STATE = 1;
   443  019E  1283               	bcf	3,5	;RP0=0, select bank0
   444  019F  1303               	bcf	3,6	;RP1=0, select bank0
   445  01A0  1C05               	btfss	5,0	;volatile
   446  01A1  29A6               	goto	l936
   447  01A2  3001               	movlw	1
   448  01A3  00CB               	movwf	_DESIRED_STATE	;volatile
   449  01A4  3000               	movlw	0
   450  01A5  00CC               	movwf	_DESIRED_STATE+1	;volatile
   451  01A6                     l936:	
   452  01A6  1805               	btfsc	5,0	;volatile
   453  01A7  2979               	goto	l142
   454  01A8  2987               	goto	l922
   455  01A9                     __end_of_main:	
   456                           ;TimerMain.c: 126: }
   457                           ;TimerMain.c: 130: }
   458                           ;TimerMain.c: 132: return 0;
   459                           ;	Return value of _main is never used
   460                           
   461                           
   462                           	psect	text1
   463  01D9                     __ptext1:	
   464 ;; *************** function _setup_interrupt_INT0 *****************
   465 ;; Defined at:
   466 ;;		line 126 in file "../Source/Timer4Autoradio_IRQ_PIC12F635.c"
   467 ;; Parameters:    Size  Location     Type
   468 ;;		None
   469 ;; Auto vars:     Size  Location     Type
   470 ;;		None
   471 ;; Return value:  Size  Location     Type
   472 ;;		None               void
   473 ;; Registers used:
   474 ;;		None
   475 ;; Tracked objects:
   476 ;;		On entry : 0/0
   477 ;;		On exit  : 0/0
   478 ;;		Unchanged: 0/0
   479 ;; Data sizes:     COMMON   BANK0
   480 ;;      Params:         0       0
   481 ;;      Locals:         0       0
   482 ;;      Temps:          0       0
   483 ;;      Totals:         0       0
   484 ;;Total ram usage:        0 bytes
   485 ;; Hardware stack levels used:    1
   486 ;; Hardware stack levels required when called:    1
   487 ;; This function calls:
   488 ;;		Nothing
   489 ;; This function is called by:
   490 ;;		_main
   491 ;; This function uses a non-reentrant model
   492 ;;
   493                           
   494                           
   495                           ;psect for function _setup_interrupt_INT0
   496  01D9                     _setup_interrupt_INT0:	
   497                           
   498                           ;Timer4Autoradio_IRQ_PIC12F635.c: 127: OPTION_REGbits.INTEDG = 0;
   499                           
   500                           ;incstack = 0
   501                           ; Regs used in _setup_interrupt_INT0: []
   502  01D9  1683               	bsf	3,5	;RP0=1, select bank1
   503  01DA  1303               	bcf	3,6	;RP1=0, select bank1
   504  01DB  1301               	bcf	1,6	;volatile
   505                           
   506                           ;Timer4Autoradio_IRQ_PIC12F635.c: 130: INTCONbits.INTF = 0;
   507  01DC  108B               	bcf	11,1	;volatile
   508                           
   509                           ;Timer4Autoradio_IRQ_PIC12F635.c: 131: INTCONbits.INTE = 1;
   510  01DD  160B               	bsf	11,4	;volatile
   511  01DE  0008               	return
   512  01DF                     __end_of_setup_interrupt_INT0:	
   513                           
   514                           	psect	text2
   515  01A9                     __ptext2:	
   516 ;; *************** function _setUp_TMR0 *****************
   517 ;; Defined at:
   518 ;;		line 139 in file "../Source/Timer4Autoradio_IRQ_PIC12F635.c"
   519 ;; Parameters:    Size  Location     Type
   520 ;;		None
   521 ;; Auto vars:     Size  Location     Type
   522 ;;		None
   523 ;; Return value:  Size  Location     Type
   524 ;;		None               void
   525 ;; Registers used:
   526 ;;		wreg, status,2, status,0
   527 ;; Tracked objects:
   528 ;;		On entry : 0/0
   529 ;;		On exit  : 0/0
   530 ;;		Unchanged: 0/0
   531 ;; Data sizes:     COMMON   BANK0
   532 ;;      Params:         0       0
   533 ;;      Locals:         0       0
   534 ;;      Temps:          0       0
   535 ;;      Totals:         0       0
   536 ;;Total ram usage:        0 bytes
   537 ;; Hardware stack levels used:    1
   538 ;; Hardware stack levels required when called:    1
   539 ;; This function calls:
   540 ;;		Nothing
   541 ;; This function is called by:
   542 ;;		_main
   543 ;; This function uses a non-reentrant model
   544 ;;
   545                           
   546                           
   547                           ;psect for function _setUp_TMR0
   548  01A9                     _setUp_TMR0:	
   549                           
   550                           ;Timer4Autoradio_IRQ_PIC12F635.c: 140: OPTION_REGbits.T0CS = 0;
   551                           
   552                           ;incstack = 0
   553                           ; Regs used in _setUp_TMR0: [wreg+status,2+status,0]
   554  01A9  1683               	bsf	3,5	;RP0=1, select bank1
   555  01AA  1303               	bcf	3,6	;RP1=0, select bank1
   556  01AB  1281               	bcf	1,5	;volatile
   557                           
   558                           ;Timer4Autoradio_IRQ_PIC12F635.c: 144: OPTION_REGbits.T0SE = 0;
   559  01AC  1201               	bcf	1,4	;volatile
   560                           
   561                           ;Timer4Autoradio_IRQ_PIC12F635.c: 148: OPTION_REGbits.PSA = 0;
   562  01AD  1181               	bcf	1,3	;volatile
   563                           
   564                           ;Timer4Autoradio_IRQ_PIC12F635.c: 152: OPTION_REGbits.PS = 0b111;
   565  01AE  3007               	movlw	7
   566  01AF  0481               	iorwf	1,f	;volatile
   567                           
   568                           ;Timer4Autoradio_IRQ_PIC12F635.c: 167: TMR0 = 158;
   569  01B0  309E               	movlw	158
   570  01B1  1283               	bcf	3,5	;RP0=0, select bank0
   571  01B2  1303               	bcf	3,6	;RP1=0, select bank0
   572  01B3  0081               	movwf	1	;volatile
   573                           
   574                           ;Timer4Autoradio_IRQ_PIC12F635.c: 168: TMR0_Counter = 0;
   575  01B4  01F9               	clrf	_TMR0_Counter
   576  01B5  01FA               	clrf	_TMR0_Counter+1
   577                           
   578                           ;Timer4Autoradio_IRQ_PIC12F635.c: 169: INTCONbits.T0IF = 0;
   579  01B6  110B               	bcf	11,2	;volatile
   580                           
   581                           ;Timer4Autoradio_IRQ_PIC12F635.c: 176: INTCONbits.T0IE = 1;
   582  01B7  168B               	bsf	11,5	;volatile
   583  01B8  0008               	return
   584  01B9                     __end_of_setUp_TMR0:	
   585                           
   586                           	psect	text3
   587  01B9                     __ptext3:	
   588 ;; *************** function _setPortConfig *****************
   589 ;; Defined at:
   590 ;;		line 19 in file "../Source/setUp_PIC12F635.c"
   591 ;; Parameters:    Size  Location     Type
   592 ;;		None
   593 ;; Auto vars:     Size  Location     Type
   594 ;;		None
   595 ;; Return value:  Size  Location     Type
   596 ;;		None               void
   597 ;; Registers used:
   598 ;;		wreg
   599 ;; Tracked objects:
   600 ;;		On entry : 0/0
   601 ;;		On exit  : 0/0
   602 ;;		Unchanged: 0/0
   603 ;; Data sizes:     COMMON   BANK0
   604 ;;      Params:         0       0
   605 ;;      Locals:         0       0
   606 ;;      Temps:          0       0
   607 ;;      Totals:         0       0
   608 ;;Total ram usage:        0 bytes
   609 ;; Hardware stack levels used:    1
   610 ;; Hardware stack levels required when called:    1
   611 ;; This function calls:
   612 ;;		Nothing
   613 ;; This function is called by:
   614 ;;		_main
   615 ;; This function uses a non-reentrant model
   616 ;;
   617                           
   618                           
   619                           ;psect for function _setPortConfig
   620  01B9                     _setPortConfig:	
   621                           
   622                           ;setUp_PIC12F635.c: 27: OPTION_REGbits.nRAPU = 0;
   623                           
   624                           ;incstack = 0
   625                           ; Regs used in _setPortConfig: [wreg]
   626  01B9  1683               	bsf	3,5	;RP0=1, select bank1
   627  01BA  1303               	bcf	3,6	;RP1=0, select bank1
   628  01BB  1381               	bcf	1,7	;volatile
   629                           
   630                           ;setUp_PIC12F635.c: 28: WDA = 0b11111111;
   631  01BC  30FF               	movlw	255
   632  01BD  0097               	movwf	23	;volatile
   633                           
   634                           ;setUp_PIC12F635.c: 29: WPUDA = 0b11111111;
   635  01BE  30FF               	movlw	255
   636  01BF  0095               	movwf	21	;volatile
   637                           
   638                           ;setUp_PIC12F635.c: 48: TRISA = 0b00111111;
   639  01C0  303F               	movlw	63
   640  01C1  0085               	movwf	5	;volatile
   641                           
   642                           ;setUp_PIC12F635.c: 71: LnTRISA.V12_CMD = 1;
   643  01C2  1405               	bsf	5,0	;volatile
   644                           
   645                           ;setUp_PIC12F635.c: 72: LnWPUDA.V12_CMD = 0;
   646  01C3  1015               	bcf	21,0	;volatile
   647                           
   648                           ;setUp_PIC12F635.c: 78: LnTRISA.PULSANTE = 1;
   649  01C4  1505               	bsf	5,2	;volatile
   650                           
   651                           ;setUp_PIC12F635.c: 79: LnWPUDA.PULSANTE = 1;
   652  01C5  1515               	bsf	21,2	;volatile
   653                           
   654                           ;setUp_PIC12F635.c: 87: LnTRISA.OUT_LINE = 0;
   655  01C6  1205               	bcf	5,4	;volatile
   656                           
   657                           ;setUp_PIC12F635.c: 88: LnTRISA.LED = 0;
   658  01C7  1285               	bcf	5,5	;volatile
   659  01C8  0008               	return
   660  01C9                     __end_of_setPortConfig:	
   661                           
   662                           	psect	text4
   663  01C9                     __ptext4:	
   664 ;; *************** function _setMainConfig *****************
   665 ;; Defined at:
   666 ;;		line 96 in file "../Source/setUp_PIC12F635.c"
   667 ;; Parameters:    Size  Location     Type
   668 ;;		None
   669 ;; Auto vars:     Size  Location     Type
   670 ;;		None
   671 ;; Return value:  Size  Location     Type
   672 ;;		None               void
   673 ;; Registers used:
   674 ;;		wreg, status,2
   675 ;; Tracked objects:
   676 ;;		On entry : 0/0
   677 ;;		On exit  : 0/0
   678 ;;		Unchanged: 0/0
   679 ;; Data sizes:     COMMON   BANK0
   680 ;;      Params:         0       0
   681 ;;      Locals:         0       0
   682 ;;      Temps:          0       0
   683 ;;      Totals:         0       0
   684 ;;Total ram usage:        0 bytes
   685 ;; Hardware stack levels used:    1
   686 ;; Hardware stack levels required when called:    1
   687 ;; This function calls:
   688 ;;		Nothing
   689 ;; This function is called by:
   690 ;;		_main
   691 ;; This function uses a non-reentrant model
   692 ;;
   693                           
   694                           
   695                           ;psect for function _setMainConfig
   696  01C9                     _setMainConfig:	
   697                           
   698                           ;setUp_PIC12F635.c: 100: OPTION_REG = 0b10000111;
   699                           
   700                           ;incstack = 0
   701                           ; Regs used in _setMainConfig: [wreg+status,2]
   702  01C9  3087               	movlw	135
   703  01CA  1683               	bsf	3,5	;RP0=1, select bank1
   704  01CB  1303               	bcf	3,6	;RP1=0, select bank1
   705  01CC  0081               	movwf	1	;volatile
   706                           
   707                           ;setUp_PIC12F635.c: 119: WDTCONbits.SWDTEN = 0;
   708  01CD  1283               	bcf	3,5	;RP0=0, select bank0
   709  01CE  1303               	bcf	3,6	;RP1=0, select bank0
   710  01CF  1018               	bcf	24,0	;volatile
   711                           
   712                           ;setUp_PIC12F635.c: 122: INTCON = 0b00000000;
   713  01D0  018B               	clrf	11	;volatile
   714                           
   715                           ;setUp_PIC12F635.c: 125: IOCA = 0b00000000;
   716  01D1  1683               	bsf	3,5	;RP0=1, select bank1
   717  01D2  1303               	bcf	3,6	;RP1=0, select bank1
   718  01D3  0196               	clrf	22	;volatile
   719                           
   720                           ;setUp_PIC12F635.c: 130: CMCON0 = 0b00000111;
   721  01D4  3007               	movlw	7
   722  01D5  1283               	bcf	3,5	;RP0=0, select bank0
   723  01D6  1303               	bcf	3,6	;RP1=0, select bank0
   724  01D7  0099               	movwf	25	;volatile
   725  01D8  0008               	return
   726  01D9                     __end_of_setMainConfig:	
   727                           
   728                           	psect	text5
   729  00E0                     __ptext5:	
   730 ;; *************** function _countDown *****************
   731 ;; Defined at:
   732 ;;		line 141 in file "../Source/TimerMain.c"
   733 ;; Parameters:    Size  Location     Type
   734 ;;  TIMER_VALUE     2    0[BANK0 ] int 
   735 ;; Auto vars:     Size  Location     Type
   736 ;;  myTimer         2    9[BANK0 ] int 
   737 ;;  mSec            2    7[BANK0 ] int 
   738 ;;  TEST            2    5[BANK0 ] int 
   739 ;; Return value:  Size  Location     Type
   740 ;;		None               void
   741 ;; Registers used:
   742 ;;		wreg, status,2, btemp+1
   743 ;; Tracked objects:
   744 ;;		On entry : 0/0
   745 ;;		On exit  : 0/0
   746 ;;		Unchanged: 0/0
   747 ;; Data sizes:     COMMON   BANK0
   748 ;;      Params:         0       2
   749 ;;      Locals:         0       6
   750 ;;      Temps:          0       3
   751 ;;      Totals:         0      11
   752 ;;Total ram usage:       11 bytes
   753 ;; Hardware stack levels used:    1
   754 ;; Hardware stack levels required when called:    1
   755 ;; This function calls:
   756 ;;		Nothing
   757 ;; This function is called by:
   758 ;;		_main
   759 ;; This function uses a non-reentrant model
   760 ;;
   761                           
   762                           
   763                           ;psect for function _countDown
   764  00E0                     _countDown:	
   765                           
   766                           ;TimerMain.c: 142: int myTimer, mSec;
   767                           ;TimerMain.c: 145: LnPORTA.OUT_LINE = 1;
   768                           
   769                           ;incstack = 0
   770                           ; Regs used in _countDown: [wreg+status,2+btemp+1]
   771  00E0  1283               	bcf	3,5	;RP0=0, select bank0
   772  00E1  1303               	bcf	3,6	;RP1=0, select bank0
   773  00E2  1605               	bsf	5,4	;volatile
   774                           
   775                           ;TimerMain.c: 146: myTimer = 0;
   776  00E3  01C9               	clrf	countDown@myTimer
   777  00E4  01CA               	clrf	countDown@myTimer+1
   778  00E5                     l161:	
   779                           ;TimerMain.c: 149: int TEST;
   780                           ;TimerMain.c: 150: while (myTimer < TIMER_VALUE) {
   781                           
   782  00E5  084A               	movf	countDown@myTimer+1,w
   783  00E6  3A80               	xorlw	128
   784  00E7  00C2               	movwf	??_countDown
   785  00E8  0841               	movf	countDown@TIMER_VALUE+1,w
   786  00E9  3A80               	xorlw	128
   787  00EA  0242               	subwf	??_countDown,w
   788  00EB  1D03               	skipz
   789  00EC  28EF               	goto	u555
   790  00ED  0840               	movf	countDown@TIMER_VALUE,w
   791  00EE  0249               	subwf	countDown@myTimer,w
   792  00EF                     u555:	
   793  00EF  1803               	btfsc	3,0
   794  00F0  295A               	goto	l966
   795                           
   796                           ;TimerMain.c: 156: mSec = 0;
   797  00F1  1283               	bcf	3,5	;RP0=0, select bank0
   798  00F2  1303               	bcf	3,6	;RP1=0, select bank0
   799  00F3  01C7               	clrf	countDown@mSec
   800  00F4  01C8               	clrf	countDown@mSec+1
   801  00F5                     l958:	
   802                           ;TimerMain.c: 157: while (mSec < 1000) {
   803                           
   804  00F5  0848               	movf	countDown@mSec+1,w
   805  00F6  3A80               	xorlw	128
   806  00F7  00FF               	movwf	127
   807  00F8  3083               	movlw	131
   808  00F9  027F               	subwf	127,w
   809  00FA  1D03               	skipz
   810  00FB  28FE               	goto	u535
   811  00FC  30E8               	movlw	232
   812  00FD  0247               	subwf	countDown@mSec,w
   813  00FE                     u535:	
   814  00FE  1803               	btfsc	3,0
   815  00FF  294C               	goto	l960
   816                           
   817                           ;TimerMain.c: 159: if (LnPORTA.V12_CMD == 1) return;
   818  0100  1283               	bcf	3,5	;RP0=0, select bank0
   819  0101  1303               	bcf	3,6	;RP1=0, select bank0
   820  0102  1805               	btfsc	5,0	;volatile
   821  0103  0008               	return
   822                           
   823                           ;TimerMain.c: 160: if (DESIRED_STATE == 2) break;
   824  0104  3002               	movlw	2
   825  0105  064B               	xorwf	_DESIRED_STATE,w	;volatile
   826  0106  044C               	iorwf	_DESIRED_STATE+1,w	;volatile
   827  0107  1903               	btfsc	3,2
   828  0108  294C               	goto	l960
   829                           
   830                           ;TimerMain.c: 161: ( (LnPORTA.LED == 1) ? LnPORTA.LED = 0 : LnPORTA.LED = 1 );
   831  0109  1E85               	btfss	5,5	;volatile
   832  010A  290D               	goto	l170
   833  010B  1285               	bcf	5,5	;volatile
   834  010C  290E               	goto	l952
   835  010D                     l170:	
   836  010D  1685               	bsf	5,5	;volatile
   837  010E                     l952:	
   838                           
   839                           ;TimerMain.c: 163: if (myTimer > 15*60-(2*60)) {
   840  010E  084A               	movf	countDown@myTimer+1,w
   841  010F  3A80               	xorlw	128
   842  0110  00FF               	movwf	127
   843  0111  3083               	movlw	131
   844  0112  027F               	subwf	127,w
   845  0113  1D03               	skipz
   846  0114  2917               	goto	u525
   847  0115  300D               	movlw	13
   848  0116  0249               	subwf	countDown@myTimer,w
   849  0117                     u525:	
   850  0117  1C03               	skipc
   851  0118  2930               	goto	l956
   852                           
   853                           ;TimerMain.c: 164: TEST = 100;
   854  0119  3064               	movlw	100
   855  011A  1283               	bcf	3,5	;RP0=0, select bank0
   856  011B  1303               	bcf	3,6	;RP1=0, select bank0
   857  011C  00C5               	movwf	countDown@TEST
   858  011D  3000               	movlw	0
   859  011E  00C6               	movwf	countDown@TEST+1
   860                           
   861                           ;TimerMain.c: 165: _delay((unsigned long)((100)*(2000000/4000.0)));
   862  011F  3041               	movlw	65
   863  0120  00C3               	movwf	??_countDown+1
   864  0121  30EE               	movlw	238
   865  0122  00C2               	movwf	??_countDown
   866  0123                     u787:	
   867  0123  0BC2               	decfsz	??_countDown,f
   868  0124  2923               	goto	u787
   869  0125  0BC3               	decfsz	??_countDown+1,f
   870  0126  2923               	goto	u787
   871  0127  0000               	nop
   872                           
   873                           ;TimerMain.c: 166: mSec += 100;
   874  0128  3064               	movlw	100
   875  0129  1283               	bcf	3,5	;RP0=0, select bank0
   876  012A  1303               	bcf	3,6	;RP1=0, select bank0
   877  012B  07C7               	addwf	countDown@mSec,f
   878  012C  1803               	skipnc
   879  012D  0AC8               	incf	countDown@mSec+1,f
   880  012E  3000               	movlw	0
   881  012F  294A               	goto	L1
   882  0130                     l956:	
   883                           ;TimerMain.c: 167: }
   884                           
   885                           
   886                           ;TimerMain.c: 168: else {
   887                           ;TimerMain.c: 169: TEST = 500;
   888  0130  30F4               	movlw	244
   889  0131  1283               	bcf	3,5	;RP0=0, select bank0
   890  0132  1303               	bcf	3,6	;RP1=0, select bank0
   891  0133  00C5               	movwf	countDown@TEST
   892  0134  3001               	movlw	1
   893  0135  00C6               	movwf	countDown@TEST+1
   894                           
   895                           ;TimerMain.c: 170: _delay((unsigned long)((500)*(2000000/4000.0)));
   896  0136  3002               	movlw	2
   897  0137  00C4               	movwf	??_countDown+2
   898  0138  3045               	movlw	69
   899  0139  00C3               	movwf	??_countDown+1
   900  013A  30A9               	movlw	169
   901  013B  00C2               	movwf	??_countDown
   902  013C                     u797:	
   903  013C  0BC2               	decfsz	??_countDown,f
   904  013D  293C               	goto	u797
   905  013E  0BC3               	decfsz	??_countDown+1,f
   906  013F  293C               	goto	u797
   907  0140  0BC4               	decfsz	??_countDown+2,f
   908  0141  293C               	goto	u797
   909  0142  2943               	nop2
   910                           
   911                           ;TimerMain.c: 171: mSec += 500;
   912  0143  30F4               	movlw	244
   913  0144  1283               	bcf	3,5	;RP0=0, select bank0
   914  0145  1303               	bcf	3,6	;RP1=0, select bank0
   915  0146  07C7               	addwf	countDown@mSec,f
   916  0147  1803               	skipnc
   917  0148  0AC8               	incf	countDown@mSec+1,f
   918  0149  3001               	movlw	1
   919  014A                     L1:	
   920  014A  07C8               	addwf	countDown@mSec+1,f
   921  014B  28F5               	goto	l958
   922  014C                     l960:	
   923                           
   924                           ;TimerMain.c: 172: }
   925                           ;TimerMain.c: 173: }
   926                           ;TimerMain.c: 175: if (DESIRED_STATE == 2) break;
   927  014C  3002               	movlw	2
   928  014D  1283               	bcf	3,5	;RP0=0, select bank0
   929  014E  1303               	bcf	3,6	;RP1=0, select bank0
   930  014F  064B               	xorwf	_DESIRED_STATE,w	;volatile
   931  0150  044C               	iorwf	_DESIRED_STATE+1,w	;volatile
   932  0151  1903               	btfsc	3,2
   933  0152  295A               	goto	l966
   934                           
   935                           ;TimerMain.c: 176: myTimer += 1;
   936  0153  3001               	movlw	1
   937  0154  07C9               	addwf	countDown@myTimer,f
   938  0155  1803               	skipnc
   939  0156  0ACA               	incf	countDown@myTimer+1,f
   940  0157  3000               	movlw	0
   941  0158  07CA               	addwf	countDown@myTimer+1,f
   942  0159  28E5               	goto	l161
   943  015A                     l966:	
   944                           
   945                           ;TimerMain.c: 177: }
   946                           ;TimerMain.c: 179: DESIRED_STATE = 2;
   947  015A  3002               	movlw	2
   948  015B  1283               	bcf	3,5	;RP0=0, select bank0
   949  015C  1303               	bcf	3,6	;RP1=0, select bank0
   950  015D  00CB               	movwf	_DESIRED_STATE	;volatile
   951  015E  3000               	movlw	0
   952  015F  00CC               	movwf	_DESIRED_STATE+1	;volatile
   953                           
   954                           ;TimerMain.c: 180: LnPORTA.OUT_LINE = 0;
   955  0160  1205               	bcf	5,4	;volatile
   956  0161  0008               	return
   957  0162                     __end_of_countDown:	
   958                           ;TimerMain.c: 181: return;
   959                           
   960                           
   961                           	psect	text6
   962  01DF                     __ptext6:	
   963 ;; *************** function _SetupClock *****************
   964 ;; Defined at:
   965 ;;		line 170 in file "../Source/setUp_PIC12F635.c"
   966 ;; Parameters:    Size  Location     Type
   967 ;;		None
   968 ;; Auto vars:     Size  Location     Type
   969 ;;		None
   970 ;; Return value:  Size  Location     Type
   971 ;;		None               void
   972 ;; Registers used:
   973 ;;		wreg
   974 ;; Tracked objects:
   975 ;;		On entry : 0/0
   976 ;;		On exit  : 0/0
   977 ;;		Unchanged: 0/0
   978 ;; Data sizes:     COMMON   BANK0
   979 ;;      Params:         0       0
   980 ;;      Locals:         0       0
   981 ;;      Temps:          0       0
   982 ;;      Totals:         0       0
   983 ;;Total ram usage:        0 bytes
   984 ;; Hardware stack levels used:    1
   985 ;; Hardware stack levels required when called:    1
   986 ;; This function calls:
   987 ;;		Nothing
   988 ;; This function is called by:
   989 ;;		_main
   990 ;; This function uses a non-reentrant model
   991 ;;
   992                           
   993                           
   994                           ;psect for function _SetupClock
   995  01DF                     _SetupClock:	
   996                           
   997                           ;setUp_PIC12F635.c: 217: OSCCON = 0b01010000;
   998                           
   999                           ;incstack = 0
  1000                           ; Regs used in _SetupClock: [wreg]
  1001  01DF  3050               	movlw	80
  1002  01E0  1683               	bsf	3,5	;RP0=1, select bank1
  1003  01E1  1303               	bcf	3,6	;RP1=0, select bank1
  1004  01E2  008F               	movwf	15	;volatile
  1005  01E3  0008               	return
  1006  01E4                     __end_of_SetupClock:	
  1007                           
  1008                           	psect	text7
  1009  0019                     __ptext7:	
  1010 ;; *************** function _IrqHandler *****************
  1011 ;; Defined at:
  1012 ;;		line 17 in file "../Source/Timer4Autoradio_IRQ_PIC12F635.c"
  1013 ;; Parameters:    Size  Location     Type
  1014 ;;		None
  1015 ;; Auto vars:     Size  Location     Type
  1016 ;;  debounceValu    2    7[COMMON] int 
  1017 ;; Return value:  Size  Location     Type
  1018 ;;		None               void
  1019 ;; Registers used:
  1020 ;;		wreg, status,2, status,0, btemp+1
  1021 ;; Tracked objects:
  1022 ;;		On entry : 0/0
  1023 ;;		On exit  : 0/0
  1024 ;;		Unchanged: 0/0
  1025 ;; Data sizes:     COMMON   BANK0
  1026 ;;      Params:         0       0
  1027 ;;      Locals:         2       0
  1028 ;;      Temps:          7       0
  1029 ;;      Totals:         9       0
  1030 ;;Total ram usage:        9 bytes
  1031 ;; Hardware stack levels used:    1
  1032 ;; This function calls:
  1033 ;;		Nothing
  1034 ;; This function is called by:
  1035 ;;		Interrupt level 1
  1036 ;; This function uses a non-reentrant model
  1037 ;;
  1038                           
  1039                           
  1040                           ;psect for function _IrqHandler
  1041  0019                     _IrqHandler:	
  1042                           
  1043                           ;Timer4Autoradio_IRQ_PIC12F635.c: 18: int debounceValue;
  1044                           ;Timer4Autoradio_IRQ_PIC12F635.c: 19: flag.isCarON = LnPORTA.V12_CMD;
  1045  0019  1C05               	btfss	5,0	;volatile
  1046  001A  281F               	goto	u56_20
  1047  001B  1283               	bcf	3,5	;RP0=0, select bank0
  1048  001C  1303               	bcf	3,6	;RP1=0, select bank0
  1049  001D  14CD               	bsf	_flag,1	;volatile
  1050  001E  2822               	goto	u57_24
  1051  001F                     u56_20:	
  1052  001F  1283               	bcf	3,5	;RP0=0, select bank0
  1053  0020  1303               	bcf	3,6	;RP1=0, select bank0
  1054  0021  10CD               	bcf	_flag,1	;volatile
  1055  0022                     u57_24:	
  1056                           
  1057                           ;Timer4Autoradio_IRQ_PIC12F635.c: 32: if ( INTCONbits.RAIE && INTCONbits.RAIF ) {
  1058  0022  198B               	btfsc	11,3	;volatile
  1059  0023  1C0B               	btfss	11,0	;volatile
  1060  0024  2827               	goto	i1l68
  1061                           
  1062                           ;Timer4Autoradio_IRQ_PIC12F635.c: 35: INTCONbits.RAIF = 0;
  1063  0025  100B               	bcf	11,0	;volatile
  1064                           
  1065                           ;Timer4Autoradio_IRQ_PIC12F635.c: 36: }
  1066  0026  28D3               	goto	i1l98
  1067  0027                     i1l68:	
  1068                           
  1069                           ;Timer4Autoradio_IRQ_PIC12F635.c: 42: else if ( INTCONbits.INTE && INTCONbits.INTF ) {
  1070  0027  1A0B               	btfsc	11,4	;volatile
  1071  0028  1C8B               	btfss	11,1	;volatile
  1072  0029  28B1               	goto	i1l70
  1073                           
  1074                           ;Timer4Autoradio_IRQ_PIC12F635.c: 43: flag.PulsanteHasPushed = ! LnPORTA.PULSANTE;
  1075  002A  1003               	clrc
  1076  002B  1D05               	btfss	5,2	;volatile
  1077  002C  1403               	setc
  1078  002D  1C03               	btfss	3,0
  1079  002E  2833               	goto	u62_20
  1080  002F  1283               	bcf	3,5	;RP0=0, select bank0
  1081  0030  1303               	bcf	3,6	;RP1=0, select bank0
  1082  0031  15CD               	bsf	_flag,3	;volatile
  1083  0032  2836               	goto	i1l982
  1084  0033                     u62_20:	
  1085  0033  1283               	bcf	3,5	;RP0=0, select bank0
  1086  0034  1303               	bcf	3,6	;RP1=0, select bank0
  1087  0035  11CD               	bcf	_flag,3	;volatile
  1088  0036                     i1l982:	
  1089                           
  1090                           ;Timer4Autoradio_IRQ_PIC12F635.c: 45: if (LnPORTA.PULSANTE == 0) {
  1091  0036  1905               	btfsc	5,2	;volatile
  1092  0037  28AE               	goto	i1l1018
  1093                           
  1094                           ;Timer4Autoradio_IRQ_PIC12F635.c: 46: LnPORTA.LED = 1;
  1095  0038  1685               	bsf	5,5	;volatile
  1096                           
  1097                           ;Timer4Autoradio_IRQ_PIC12F635.c: 49: debounceValue = 1000;
  1098  0039  30E8               	movlw	232
  1099  003A  00F7               	movwf	IrqHandler@debounceValue
  1100  003B  3003               	movlw	3
  1101  003C  00F8               	movwf	IrqHandler@debounceValue+1
  1102  003D                     i1l998:	
  1103                           ;Timer4Autoradio_IRQ_PIC12F635.c: 50: while (debounceValue > 0) {
  1104                           
  1105  003D  0878               	movf	IrqHandler@debounceValue+1,w
  1106  003E  3A80               	xorlw	128
  1107  003F  00FF               	movwf	127
  1108  0040  3080               	movlw	128
  1109  0041  027F               	subwf	127,w
  1110  0042  1D03               	skipz
  1111  0043  2846               	goto	u67_25
  1112  0044  3001               	movlw	1
  1113  0045  0277               	subwf	IrqHandler@debounceValue,w
  1114  0046                     u67_25:	
  1115  0046  1C03               	btfss	3,0
  1116  0047  2867               	goto	i1l75
  1117                           
  1118                           ;Timer4Autoradio_IRQ_PIC12F635.c: 51: if (LnPORTA.PULSANTE == 1) break;
  1119  0048  1283               	bcf	3,5	;RP0=0, select bank0
  1120  0049  1303               	bcf	3,6	;RP1=0, select bank0
  1121  004A  1905               	btfsc	5,2	;volatile
  1122  004B  2867               	goto	i1l75
  1123                           
  1124                           ;Timer4Autoradio_IRQ_PIC12F635.c: 52: _delay((unsigned long)((500)*(2000000/4000.0)));
  1125  004C  3002               	movlw	2
  1126  004D  00F2               	movwf	??_IrqHandler+2
  1127  004E  3045               	movlw	69
  1128  004F  00F1               	movwf	??_IrqHandler+1
  1129  0050  30A9               	movlw	169
  1130  0051  00F0               	movwf	??_IrqHandler
  1131  0052                     u80_27:	
  1132  0052  0BF0               	decfsz	??_IrqHandler,f
  1133  0053  2852               	goto	u80_27
  1134  0054  0BF1               	decfsz	??_IrqHandler+1,f
  1135  0055  2852               	goto	u80_27
  1136  0056  0BF2               	decfsz	??_IrqHandler+2,f
  1137  0057  2852               	goto	u80_27
  1138  0058  2859               	nop2
  1139                           
  1140                           ;Timer4Autoradio_IRQ_PIC12F635.c: 53: ( (LnPORTA.LED == 1) ? LnPORTA.LED = 0 : LnPORTA.L
      +                          ED = 1 );
  1141  0059  1283               	bcf	3,5	;RP0=0, select bank0
  1142  005A  1303               	bcf	3,6	;RP1=0, select bank0
  1143  005B  1E85               	btfss	5,5	;volatile
  1144  005C  285F               	goto	i1l77
  1145  005D  1285               	bcf	5,5	;volatile
  1146  005E  2860               	goto	i1l996
  1147  005F                     i1l77:	
  1148  005F  1685               	bsf	5,5	;volatile
  1149  0060                     i1l996:	
  1150                           
  1151                           ;Timer4Autoradio_IRQ_PIC12F635.c: 54: debounceValue -= 500;
  1152  0060  300C               	movlw	12
  1153  0061  07F7               	addwf	IrqHandler@debounceValue,f
  1154  0062  1803               	skipnc
  1155  0063  0AF8               	incf	IrqHandler@debounceValue+1,f
  1156  0064  30FE               	movlw	254
  1157  0065  07F8               	addwf	IrqHandler@debounceValue+1,f
  1158  0066  283D               	goto	i1l998
  1159  0067                     i1l75:	
  1160                           
  1161                           ;Timer4Autoradio_IRQ_PIC12F635.c: 55: }
  1162                           ;Timer4Autoradio_IRQ_PIC12F635.c: 63: if (LnPORTA.PULSANTE == 0) {
  1163  0067  1283               	bcf	3,5	;RP0=0, select bank0
  1164  0068  1303               	bcf	3,6	;RP1=0, select bank0
  1165  0069  1905               	btfsc	5,2	;volatile
  1166  006A  28AE               	goto	i1l1018
  1167                           
  1168                           ;Timer4Autoradio_IRQ_PIC12F635.c: 64: DESIRED_STATE = 2;
  1169  006B  3002               	movlw	2
  1170  006C  00CB               	movwf	_DESIRED_STATE	;volatile
  1171  006D  3000               	movlw	0
  1172  006E  00CC               	movwf	_DESIRED_STATE+1	;volatile
  1173                           
  1174                           ;Timer4Autoradio_IRQ_PIC12F635.c: 65: LnPORTA.LED = 0;
  1175  006F  1285               	bcf	5,5	;volatile
  1176                           
  1177                           ;Timer4Autoradio_IRQ_PIC12F635.c: 67: _delay((unsigned long)((1000)*(2000000/4000.0)));
  1178  0070  3003               	movlw	3
  1179  0071  00F2               	movwf	??_IrqHandler+2
  1180  0072  308A               	movlw	138
  1181  0073  00F1               	movwf	??_IrqHandler+1
  1182  0074  3056               	movlw	86
  1183  0075  00F0               	movwf	??_IrqHandler
  1184  0076                     u81_27:	
  1185  0076  0BF0               	decfsz	??_IrqHandler,f
  1186  0077  2876               	goto	u81_27
  1187  0078  0BF1               	decfsz	??_IrqHandler+1,f
  1188  0079  2876               	goto	u81_27
  1189  007A  0BF2               	decfsz	??_IrqHandler+2,f
  1190  007B  2876               	goto	u81_27
  1191  007C  287D               	nop2
  1192                           
  1193                           ;Timer4Autoradio_IRQ_PIC12F635.c: 68: debounceValue = 1000;
  1194  007D  30E8               	movlw	232
  1195  007E  00F7               	movwf	IrqHandler@debounceValue
  1196  007F  3003               	movlw	3
  1197  0080  00F8               	movwf	IrqHandler@debounceValue+1
  1198  0081                     i1l1014:	
  1199                           ;Timer4Autoradio_IRQ_PIC12F635.c: 69: while (debounceValue > 0) {
  1200                           
  1201  0081  0878               	movf	IrqHandler@debounceValue+1,w
  1202  0082  3A80               	xorlw	128
  1203  0083  00FF               	movwf	127
  1204  0084  3080               	movlw	128
  1205  0085  027F               	subwf	127,w
  1206  0086  1D03               	skipz
  1207  0087  288A               	goto	u71_25
  1208  0088  3001               	movlw	1
  1209  0089  0277               	subwf	IrqHandler@debounceValue,w
  1210  008A                     u71_25:	
  1211  008A  1C03               	btfss	3,0
  1212  008B  28A6               	goto	i1l84
  1213                           
  1214                           ;Timer4Autoradio_IRQ_PIC12F635.c: 70: if (LnPORTA.PULSANTE == 1) break;
  1215  008C  1283               	bcf	3,5	;RP0=0, select bank0
  1216  008D  1303               	bcf	3,6	;RP1=0, select bank0
  1217  008E  1905               	btfsc	5,2	;volatile
  1218  008F  28A6               	goto	i1l84
  1219                           
  1220                           ;Timer4Autoradio_IRQ_PIC12F635.c: 71: _delay((unsigned long)((250)*(2000000/4000.0)));
  1221  0090  30A3               	movlw	163
  1222  0091  00F1               	movwf	??_IrqHandler+1
  1223  0092  3055               	movlw	85
  1224  0093  00F0               	movwf	??_IrqHandler
  1225  0094                     u82_27:	
  1226  0094  0BF0               	decfsz	??_IrqHandler,f
  1227  0095  2894               	goto	u82_27
  1228  0096  0BF1               	decfsz	??_IrqHandler+1,f
  1229  0097  2894               	goto	u82_27
  1230                           
  1231                           ;Timer4Autoradio_IRQ_PIC12F635.c: 72: ( (LnPORTA.LED == 1) ? LnPORTA.LED = 0 : LnPORTA.L
      +                          ED = 1 );
  1232  0098  1283               	bcf	3,5	;RP0=0, select bank0
  1233  0099  1303               	bcf	3,6	;RP1=0, select bank0
  1234  009A  1E85               	btfss	5,5	;volatile
  1235  009B  289E               	goto	i1l86
  1236  009C  1285               	bcf	5,5	;volatile
  1237  009D  289F               	goto	i1l1012
  1238  009E                     i1l86:	
  1239  009E  1685               	bsf	5,5	;volatile
  1240  009F                     i1l1012:	
  1241                           
  1242                           ;Timer4Autoradio_IRQ_PIC12F635.c: 73: debounceValue -= 250;
  1243  009F  3006               	movlw	6
  1244  00A0  07F7               	addwf	IrqHandler@debounceValue,f
  1245  00A1  1803               	skipnc
  1246  00A2  0AF8               	incf	IrqHandler@debounceValue+1,f
  1247  00A3  30FF               	movlw	255
  1248  00A4  07F8               	addwf	IrqHandler@debounceValue+1,f
  1249  00A5  2881               	goto	i1l1014
  1250  00A6                     i1l84:	
  1251                           
  1252                           ;Timer4Autoradio_IRQ_PIC12F635.c: 74: }
  1253                           ;Timer4Autoradio_IRQ_PIC12F635.c: 76: if (LnPORTA.PULSANTE == 0)
  1254  00A6  1283               	bcf	3,5	;RP0=0, select bank0
  1255  00A7  1303               	bcf	3,6	;RP1=0, select bank0
  1256  00A8  1905               	btfsc	5,2	;volatile
  1257  00A9  28AE               	goto	i1l1018
  1258                           
  1259                           ;Timer4Autoradio_IRQ_PIC12F635.c: 77: DESIRED_STATE = 1;
  1260  00AA  3001               	movlw	1
  1261  00AB  00CB               	movwf	_DESIRED_STATE	;volatile
  1262  00AC  3000               	movlw	0
  1263  00AD  00CC               	movwf	_DESIRED_STATE+1	;volatile
  1264  00AE                     i1l1018:	
  1265                           
  1266                           ;Timer4Autoradio_IRQ_PIC12F635.c: 79: }
  1267                           ;Timer4Autoradio_IRQ_PIC12F635.c: 80: }
  1268                           ;Timer4Autoradio_IRQ_PIC12F635.c: 83: LnPORTA.LED = 0;
  1269  00AE  1285               	bcf	5,5	;volatile
  1270                           
  1271                           ;Timer4Autoradio_IRQ_PIC12F635.c: 84: INTCONbits.INTF = 0;
  1272  00AF  108B               	bcf	11,1	;volatile
  1273                           
  1274                           ;Timer4Autoradio_IRQ_PIC12F635.c: 85: }
  1275  00B0  28D3               	goto	i1l98
  1276  00B1                     i1l70:	
  1277                           
  1278                           ;Timer4Autoradio_IRQ_PIC12F635.c: 91: else if ( INTCONbits.T0IE && INTCONbits.T0IF ) {
  1279  00B1  1A8B               	btfsc	11,5	;volatile
  1280  00B2  1D0B               	btfss	11,2	;volatile
  1281  00B3  28D3               	goto	i1l98
  1282                           
  1283                           ;Timer4Autoradio_IRQ_PIC12F635.c: 92: TMR0 = 158;
  1284  00B4  309E               	movlw	158
  1285  00B5  0081               	movwf	1	;volatile
  1286                           
  1287                           ;Timer4Autoradio_IRQ_PIC12F635.c: 93: TMR0_Counter += 1;
  1288  00B6  3001               	movlw	1
  1289  00B7  07F9               	addwf	_TMR0_Counter,f
  1290  00B8  1803               	skipnc
  1291  00B9  0AFA               	incf	_TMR0_Counter+1,f
  1292  00BA  3000               	movlw	0
  1293  00BB  07FA               	addwf	_TMR0_Counter+1,f
  1294                           
  1295                           ;Timer4Autoradio_IRQ_PIC12F635.c: 95: if (LnPORTA.V12_CMD == 1) {
  1296  00BC  1C05               	btfss	5,0	;volatile
  1297  00BD  28D2               	goto	i1l1036
  1298                           
  1299                           ;Timer4Autoradio_IRQ_PIC12F635.c: 96: if (TMR0_Counter > 20) {
  1300  00BE  087A               	movf	_TMR0_Counter+1,w
  1301  00BF  3A80               	xorlw	128
  1302  00C0  00FF               	movwf	127
  1303  00C1  3080               	movlw	128
  1304  00C2  027F               	subwf	127,w
  1305  00C3  1D03               	skipz
  1306  00C4  28C7               	goto	u76_25
  1307  00C5  3015               	movlw	21
  1308  00C6  0279               	subwf	_TMR0_Counter,w
  1309  00C7                     u76_25:	
  1310  00C7  1C03               	skipc
  1311  00C8  28D2               	goto	i1l1036
  1312                           
  1313                           ;Timer4Autoradio_IRQ_PIC12F635.c: 97: ( (LnPORTA.LED == 1) ? LnPORTA.LED = 0 : LnPORTA.L
      +                          ED = 1 );
  1314  00C9  1283               	bcf	3,5	;RP0=0, select bank0
  1315  00CA  1303               	bcf	3,6	;RP1=0, select bank0
  1316  00CB  1E85               	btfss	5,5	;volatile
  1317  00CC  28CF               	goto	i1l95
  1318  00CD  1285               	bcf	5,5	;volatile
  1319  00CE  28D0               	goto	i1l1034
  1320  00CF                     i1l95:	
  1321  00CF  1685               	bsf	5,5	;volatile
  1322  00D0                     i1l1034:	
  1323                           
  1324                           ;Timer4Autoradio_IRQ_PIC12F635.c: 98: TMR0_Counter = 0;
  1325  00D0  01F9               	clrf	_TMR0_Counter
  1326  00D1  01FA               	clrf	_TMR0_Counter+1
  1327  00D2                     i1l1036:	
  1328                           
  1329                           ;Timer4Autoradio_IRQ_PIC12F635.c: 99: }
  1330                           ;Timer4Autoradio_IRQ_PIC12F635.c: 100: }
  1331                           ;Timer4Autoradio_IRQ_PIC12F635.c: 101: INTCONbits.T0IF = 0;
  1332  00D2  110B               	bcf	11,2	;volatile
  1333  00D3                     i1l98:	
  1334  00D3  0876               	movf	??_IrqHandler+6,w
  1335  00D4  1283               	bcf	3,5	;RP0=0, select bank0
  1336  00D5  1303               	bcf	3,6	;RP1=0, select bank0
  1337  00D6  00FF               	movwf	127
  1338  00D7  0875               	movf	??_IrqHandler+5,w
  1339  00D8  008A               	movwf	10
  1340  00D9  0874               	movf	??_IrqHandler+4,w
  1341  00DA  0084               	movwf	4
  1342  00DB  0E73               	swapf	(??_IrqHandler+3)^(0+-128),w
  1343  00DC  0083               	movwf	3
  1344  00DD  0EFE               	swapf	126,f
  1345  00DE  0E7E               	swapf	126,w
  1346  00DF  0009               	retfie
  1347  00E0                     __end_of_IrqHandler:	
  1348  007E                     btemp	set	126	;btemp
  1349  007E                     wtemp	set	126
  1350  007E                     wtemp0	set	126
  1351  0080                     wtemp1	set	128
  1352  0082                     wtemp2	set	130
  1353  0084                     wtemp3	set	132
  1354  0086                     wtemp4	set	134
  1355  0088                     wtemp5	set	136
  1356  007F                     wtemp6	set	127
  1357  007E                     ttemp	set	126
  1358  007E                     ttemp0	set	126
  1359  0081                     ttemp1	set	129
  1360  0084                     ttemp2	set	132
  1361  0087                     ttemp3	set	135
  1362  007F                     ttemp4	set	127
  1363  007E                     ltemp	set	126
  1364  007E                     ltemp0	set	126
  1365  0082                     ltemp1	set	130
  1366  0086                     ltemp2	set	134
  1367  0080                     ltemp3	set	128
  1368                           
  1369                           	psect	intentry
  1370  0004                     __pintentry:	
  1371                           ;incstack = 0
  1372                           ; Regs used in _IrqHandler: [wreg+status,2+status,0+btemp+1]
  1373                           
  1374  0004                     interrupt_function:	
  1375  007E                     saved_w	set	btemp
  1376  0004  00FE               	movwf	btemp
  1377  0005  0E03               	swapf	3,w
  1378  0006  00F3               	movwf	??_IrqHandler+3
  1379  0007  0804               	movf	4,w
  1380  0008  00F4               	movwf	??_IrqHandler+4
  1381  0009  080A               	movf	10,w
  1382  000A  00F5               	movwf	??_IrqHandler+5
  1383  000B  1283               	bcf	3,5	;RP0=0, select bank0
  1384  000C  1303               	bcf	3,6	;RP1=0, select bank0
  1385  000D  087F               	movf	btemp+1,w
  1386  000E  00F6               	movwf	??_IrqHandler+6
  1387  000F  2819               	ljmp	_IrqHandler


Data Sizes:
    Strings     0
    Constant    0
    Data        0
    BSS         6
    Persistent  2
    Stack       0

Auto Spaces:
    Space          Size  Autos    Used
    COMMON           14      9      14
    BANK0            48     11      14

Pointer List with Targets:

    None.

Critical Paths under _main in COMMON

    None.

Critical Paths under _IrqHandler in COMMON

    None.

Critical Paths under _main in BANK0

    _main->_countDown

Critical Paths under _IrqHandler in BANK0

    None.

Call Graph Tables:

 ---------------------------------------------------------------------------------
 (Depth) Function   	        Calls       Base Space   Used Autos Params    Refs
 ---------------------------------------------------------------------------------
 (0) _main                                                 0     0      0     159
                         _SetupClock
                          _countDown
                      _setMainConfig
                      _setPortConfig
                         _setUp_TMR0
               _setup_interrupt_INT0
 ---------------------------------------------------------------------------------
 (1) _setup_interrupt_INT0                                 0     0      0       0
 ---------------------------------------------------------------------------------
 (1) _setUp_TMR0                                           0     0      0       0
 ---------------------------------------------------------------------------------
 (1) _setPortConfig                                        0     0      0       0
 ---------------------------------------------------------------------------------
 (1) _setMainConfig                                        0     0      0       0
 ---------------------------------------------------------------------------------
 (1) _countDown                                           11     9      2     159
                                              0 BANK0     11     9      2
 ---------------------------------------------------------------------------------
 (1) _SetupClock                                           0     0      0       0
 ---------------------------------------------------------------------------------
 Estimated maximum stack depth 1
 ---------------------------------------------------------------------------------
 (Depth) Function   	        Calls       Base Space   Used Autos Params    Refs
 ---------------------------------------------------------------------------------
 (2) _IrqHandler                                           9     9      0      48
                                              0 COMMON     9     9      0
 ---------------------------------------------------------------------------------
 Estimated maximum stack depth 2
 ---------------------------------------------------------------------------------

 Call Graph Graphs:

 _main (ROOT)
   _SetupClock
   _countDown
   _setMainConfig
   _setPortConfig
   _setUp_TMR0
   _setup_interrupt_INT0

 _IrqHandler (ROOT)

 Address spaces:
Name               Size   Autos  Total    Cost      Usage
BITCOMMON            E      0       0       0        0.0%
EEDATA              80      0       0       0        0.0%
NULL                 0      0       0       0        0.0%
CODE                 0      0       0       0        0.0%
COMMON               E      9       E       1      100.0%
BITSFR0              0      0       0       1        0.0%
SFR0                 0      0       0       1        0.0%
BITSFR1              0      0       0       2        0.0%
SFR1                 0      0       0       2        0.0%
STACK                0      0       0       2        0.0%
ABS                  0      0      1C       3        0.0%
BITBANK0            30      0       0       4        0.0%
BITSFR3              0      0       0       4        0.0%
SFR3                 0      0       0       4        0.0%
BANK0               30      B       E       5       29.2%
BITSFR2              0      0       0       5        0.0%
SFR2                 0      0       0       5        0.0%
DATA                 0      0      1C       6        0.0%


Microchip Technology PIC Macro Assembler V1.30 build 55553 
Symbol Table                                                                                   Sun Jan 11 13:36:44 2015

                   __CFG_CP$ON 0000                    __CFG_CPD$ON 0000                            l142 0179  
                          l151 0190                            l152 0197                            l161 00E5  
                          l170 010D                            l146 0178                            l922 0187  
                          l932 019E                            l952 010E                            l960 014C  
                          l936 01A6                            l956 0130                            l966 015A  
                          l958 00F5                            u525 0117                            u535 00FE  
                          u555 00EF                            _WDA 0097                            u787 0123  
                          u797 013C                            fsr0 0004                           _IOCA 0096  
                         i1l70 00B1                           i1l75 0067                           i1l84 00A6  
                         i1l68 0027                           i1l77 005F                           i1l86 009E  
                         i1l95 00CF                           i1l98 00D3                           _TMR0 0001  
                         _flag 004D                           _main 0162                           btemp 007E  
        __end_of_setMainConfig 01D9                           ltemp 007E                           start 0010  
                         ttemp 007E                           wtemp 007E                  __CFG_IESO$OFF 0000  
                        ?_main 0070                  __CFG_WDTE$OFF 0000                          i1l982 0036  
                        i1l996 0060                          i1l998 003D                          _PORTA 0005  
                        u62_20 0033                          u71_25 008A                          u56_20 001F  
                        u80_27 0052                          _TRISA 0085                          u57_24 0022  
                        u81_27 0076                          u82_27 0094                          u67_25 0046  
                        u76_25 00C7                          _WPUDA 0095                  __CFG_PWRTE$ON 0000  
               __CFG_FCMEN$OFF 0000                  __CFG_WURE$OFF 0000                          pclath 000A  
                        ltemp0 007E                          ltemp1 0082                          ltemp2 0086  
                        ltemp3 0080                          ttemp0 007E                          ttemp1 0081  
                        ttemp2 0084                          ttemp3 0087                          ttemp4 007F  
                        status 0003                          wtemp0 007E                          wtemp1 0080  
                        wtemp2 0082                          wtemp3 0084                          wtemp4 0086  
                        wtemp5 0088                          wtemp6 007F                     _IrqHandler 0019  
               __CFG_MCLRE$OFF 0000                __initialization 0011                   __end_of_main 01A9  
                       ??_main 004B          __end_of_setPortConfig 01C9                         _CMCON0 0019  
                       i1l1012 009F                         i1l1014 0081                         i1l1034 00D0  
                       i1l1018 00AE                         i1l1036 00D2                         _INTCON 000B  
                       _OSCCON 008F                         _LnIOCA 0096                     _SetupClock 01DF  
                       saved_w 007E        __end_of__initialization 0017                    ?_IrqHandler 0070  
               __pcstackCOMMON 0070                 _OPTION_REGbits 0081                     __pbssBANK0 004D  
           __size_of_countDown 0082                     __pmaintext 0162  __size_of_setup_interrupt_INT0 0006  
                   __pintentry 0004                    ?_SetupClock 0070            __size_of_IrqHandler 00C7  
                      _LnPORTA 0005                        _LnTRISA 0085                        _LnWPUDA 0095  
                      _fSTATUS 007D              __end_of_countDown 0162                        __ptext1 01D9  
                      __ptext2 01A9                        __ptext3 01B9                        __ptext4 01C9  
                      __ptext5 00E0                        __ptext6 01DF                        __ptext7 0019  
         countDown@TIMER_VALUE 0040         __size_of_setMainConfig 0010           end_of_initialization 0017  
                   _setUp_TMR0 01A9            __size_of_SetupClock 0005                  countDown@TEST 0045  
                countDown@mSec 0047                  _DESIRED_STATE 004B              _stopDeBounceValue 007B  
                _setMainConfig 01C9                   ??_IrqHandler 0070         __size_of_setPortConfig 0010  
          start_initialization 0011             __end_of_IrqHandler 00E0                    ?_setUp_TMR0 0070  
               ?_setMainConfig 0070                   ??_SetupClock 0040                    __pbssCOMMON 0079  
                    ___latbits 0000                  __pcstackBANK0 0040   __end_of_setup_interrupt_INT0 01DF  
                _setPortConfig 01B9             __end_of_SetupClock 01E4                      __pnvBANK0 004B  
          __size_of_setUp_TMR0 0010                      _countDown 00E0                 ?_setPortConfig 0070  
      IrqHandler@debounceValue 0077                ??_setMainConfig 0040              interrupt_function 0004  
                   ?_countDown 0040           _setup_interrupt_INT0 01D9                ??_setPortConfig 0040  
             countDown@myTimer 0049                   ??_setUp_TMR0 0040                  __size_of_main 0047  
                 _TMR0_Counter 0079          ?_setup_interrupt_INT0 0070             __end_of_setUp_TMR0 01B9  
                  ??_countDown 0042                     _INTCONbits 000B              __CFG_BOREN$SBODEN 0000  
                     intlevel1 0000                     _OPTION_REG 0081                     _WDTCONbits 0018  
           __CFG_FOSC$INTOSCIO 0000         ??_setup_interrupt_INT0 0040  
